<?xml version="1.0" encoding="UTF-8"?>
<testng-results ignored="0" total="1" passed="1" failed="0" skipped="0">
  <reporter-output>
  </reporter-output>
  <suite started-at="2023-09-12T19:27:10 EET" name="Default suite" finished-at="2023-09-12T19:27:13 EET" duration-ms="2429">
    <groups>
    </groups>
    <test started-at="2023-09-12T19:27:10 EET" name="Default test" finished-at="2023-09-12T19:27:13 EET" duration-ms="2429">
      <class name="project_two.test_two">
        <test-method is-config="true" signature="MybeforeTest()[pri:0, instance:project_two.test_two@796065aa]" started-at="2023-09-12T19:27:10 EET" name="MybeforeTest" finished-at="2023-09-12T19:27:12 EET" duration-ms="1063" status="PASS">
          <reporter-output>
          </reporter-output>
        </test-method> <!-- MybeforeTest -->
        <test-method signature="MYtest()[pri:0, instance:project_two.test_two@796065aa]" started-at="2023-09-12T19:27:12 EET" name="MYtest" finished-at="2023-09-12T19:27:13 EET" duration-ms="1306" status="PASS">
          <reporter-output>
          </reporter-output>
        </test-method> <!-- MYtest -->
        <test-method is-config="true" signature="My_AferTest()[pri:0, instance:project_two.test_two@796065aa]" started-at="2023-09-12T19:27:13 EET" name="My_AferTest" finished-at="2023-09-12T19:27:13 EET" duration-ms="1" status="PASS">
          <reporter-output>
          </reporter-output>
        </test-method> <!-- My_AferTest -->
      </class> <!-- project_two.test_two -->
    </test> <!-- Default test -->
  </suite> <!-- Default suite -->
</testng-results>
